app/build/intermediates/manifest_merge_blame_file/release/manifest-merger-blame-release-report.txt
1<?xml version="1.0" encoding="utf-8"?>
2<manifest xmlns:android="http://schemas.android.com/apk/res/android"
3    package="com.teamvoyager.myapplication"
4    android:versionCode="2"
5    android:versionName="1.1" > <!-- final    ca-app-pub-5098396899135570~3172586616 -->
6    <uses-sdk
7        android:minSdkVersion="16"
7-->src/main/AndroidManifest.xml
8        android:targetSdkVersion="29" />
8-->src/main/AndroidManifest.xml
9
10    <uses-permission android:name="android.permission.INTERNET" />
10-->src/main/AndroidManifest.xml:5:5-66
10-->src/main/AndroidManifest.xml:5:22-64
11    <uses-permission android:name="android.permission.ACCESS_WIFI_STATE" />
11-->src/main/AndroidManifest.xml:6:5-75
11-->src/main/AndroidManifest.xml:6:22-73
12    <uses-permission android:name="android.permission.ACCESS_NETWORK_STATE" />
12-->src/main/AndroidManifest.xml:7:5-78
12-->src/main/AndroidManifest.xml:7:22-76
13    <uses-permission android:name="android.permission.READ_EXTERNAL_STORAGE" />
13-->src/main/AndroidManifest.xml:8:5-80
13-->src/main/AndroidManifest.xml:8:22-77
14    <uses-permission android:name="android.permission.WRITE_EXTERNAL_STORAGE" />
14-->src/main/AndroidManifest.xml:9:5-81
14-->src/main/AndroidManifest.xml:9:22-78
15    <uses-permission android:name="android.permission.VIBRATE" />
15-->[com.github.federicoiosue:checklistview:3.2.1] AndroidManifest.xml:11:5-66
15-->[com.github.federicoiosue:checklistview:3.2.1] AndroidManifest.xml:11:22-63
16    <uses-permission android:name="android.permission.WAKE_LOCK" />
16-->[com.google.android.gms:play-services-measurement-sdk-api:17.1.0] AndroidManifest.xml:25:5-68
16-->[com.google.android.gms:play-services-measurement-sdk-api:17.1.0] AndroidManifest.xml:25:22-65
17
18    <application
18-->src/main/AndroidManifest.xml:12:5-46:19
19        android:allowBackup="true"
19-->src/main/AndroidManifest.xml:13:9-35
20        android:appComponentFactory="androidx.core.app.CoreComponentFactory"
20-->[androidx.core:core:1.1.0] AndroidManifest.xml:24:18-86
21        android:icon="@mipmap/ic_launcher"
21-->src/main/AndroidManifest.xml:14:9-43
22        android:label="@string/app_name"
22-->src/main/AndroidManifest.xml:15:9-41
23        android:requestLegacyExternalStorage="true"
23-->src/main/AndroidManifest.xml:18:9-52
24        android:roundIcon="@mipmap/ic_launcher_round"
24-->src/main/AndroidManifest.xml:16:9-54
25        android:supportsRtl="true"
25-->src/main/AndroidManifest.xml:17:9-35
26        android:theme="@style/AppTheme" >
26-->src/main/AndroidManifest.xml:19:9-40
27        <meta-data
27-->src/main/AndroidManifest.xml:20:9-22:69
28            android:name="com.google.android.gms.ads.APPLICATION_ID"
28-->src/main/AndroidManifest.xml:21:13-69
29            android:value="ca-app-pub-5098396899135570~3172586616" />
29-->src/main/AndroidManifest.xml:22:13-67
30
31        <activity
31-->src/main/AndroidManifest.xml:23:9-25:25
32            android:name="com.teamvoyager.simplesketch.SaveSketch"
32-->src/main/AndroidManifest.xml:23:19-73
33            android:label="Save" />
33-->src/main/AndroidManifest.xml:24:13-33
34        <activity
34-->src/main/AndroidManifest.xml:26:9-36:20
35            android:name="com.teamvoyager.simplesketch.MainActivity"
35-->src/main/AndroidManifest.xml:26:19-75
36            android:label="Sketch"
36-->src/main/AndroidManifest.xml:29:13-35
37            android:theme="@style/Theme.AppCompat.Light.NoActionBar" >
37-->src/main/AndroidManifest.xml:28:13-69
38            <intent-filter>
38-->src/main/AndroidManifest.xml:31:13-35:29
39                <action android:name="android.intent.action.MAIN" />
39-->src/main/AndroidManifest.xml:32:17-69
39-->src/main/AndroidManifest.xml:32:25-66
40
41                <category android:name="android.intent.category.LAUNCHER" />
41-->src/main/AndroidManifest.xml:34:17-77
41-->src/main/AndroidManifest.xml:34:27-74
42            </intent-filter>
43        </activity>
44
45        <provider
46            android:name="com.teamvoyager.simplesketch.GenericFileProvider"
46-->src/main/AndroidManifest.xml:38:13-76
47            android:authorities="com.teamvoyager.myapplication.provider"
47-->src/main/AndroidManifest.xml:39:13-60
48            android:exported="false"
48-->src/main/AndroidManifest.xml:40:13-37
49            android:grantUriPermissions="true" >
49-->src/main/AndroidManifest.xml:41:13-47
50            <meta-data
50-->src/main/AndroidManifest.xml:42:13-44:56
51                android:name="android.support.FILE_PROVIDER_PATHS"
51-->src/main/AndroidManifest.xml:43:17-67
52                android:resource="@xml/provider_path" />
52-->src/main/AndroidManifest.xml:44:17-54
53        </provider>
54        <!-- Include the AdActivity and InAppPurchaseActivity configChanges and themes. -->
55        <activity
55-->[com.google.android.gms:play-services-ads-lite:19.2.0] AndroidManifest.xml:29:9-33:64
56            android:name="com.google.android.gms.ads.AdActivity"
56-->[com.google.android.gms:play-services-ads-lite:19.2.0] AndroidManifest.xml:30:13-65
57            android:configChanges="keyboard|keyboardHidden|orientation|screenLayout|uiMode|screenSize|smallestScreenSize"
57-->[com.google.android.gms:play-services-ads-lite:19.2.0] AndroidManifest.xml:31:13-122
58            android:exported="false"
58-->[com.google.android.gms:play-services-ads-lite:19.2.0] AndroidManifest.xml:32:13-37
59            android:theme="@android:style/Theme.Translucent" />
59-->[com.google.android.gms:play-services-ads-lite:19.2.0] AndroidManifest.xml:33:13-61
60
61        <provider
61-->[com.google.android.gms:play-services-ads-lite:19.2.0] AndroidManifest.xml:35:9-39:39
62            android:name="com.google.android.gms.ads.MobileAdsInitProvider"
62-->[com.google.android.gms:play-services-ads-lite:19.2.0] AndroidManifest.xml:36:13-76
63            android:authorities="com.teamvoyager.myapplication.mobileadsinitprovider"
63-->[com.google.android.gms:play-services-ads-lite:19.2.0] AndroidManifest.xml:37:13-73
64            android:exported="false"
64-->[com.google.android.gms:play-services-ads-lite:19.2.0] AndroidManifest.xml:38:13-37
65            android:initOrder="100" />
65-->[com.google.android.gms:play-services-ads-lite:19.2.0] AndroidManifest.xml:39:13-36
66
67        <meta-data
67-->[com.google.android.gms:play-services-basement:17.0.0] AndroidManifest.xml:23:9-25:69
68            android:name="com.google.android.gms.version"
68-->[com.google.android.gms:play-services-basement:17.0.0] AndroidManifest.xml:24:13-58
69            android:value="@integer/google_play_services_version" />
69-->[com.google.android.gms:play-services-basement:17.0.0] AndroidManifest.xml:25:13-66
70    </application>
71
72</manifest>